==2100== Memcheck, a memory error detector
==2100== Copyright (C) 2002-2017, and GNU GPL'd, by Julian Seward et al.
==2100== Using Valgrind-3.15.0 and LibVEX; rerun with -h for copyright info
==2100== Command: bin/jeux -p 9999
==2100== Parent PID: 2087
==2100== 
==2100== 
==2100== FILE DESCRIPTORS: 8 open at exit.
==2100== Open AF_INET socket 5: 0.0.0.0:9999 <-> unbound
==2100==    at 0x4AF577B: socket (syscall-template.S:78)
==2100==    by 0x10E192: open_listenfd (csapp.c:1015)
==2100==    by 0x10E2F0: Open_listenfd (csapp.c:1062)
==2100==    by 0x10AE92: main (in /home/student/dlaszczych/hw5/bin/jeux)
==2100== 
==2100== Open file descriptor 12: /dev/shm/bxf_arena_2085 (deleted)
==2100==    <inherited from parent>
==2100== 
==2100== Open file descriptor 11: /dev/shm/bxf_arena_2085 (deleted)
==2100==    <inherited from parent>
==2100== 
==2100== Open file descriptor 4:
==2100==    <inherited from parent>
==2100== 
==2100== Open file descriptor 3: /home/student/dlaszczych/hw5/valgrind.out
==2100==    <inherited from parent>
==2100== 
==2100== Open file descriptor 2: /dev/pts/0
==2100==    <inherited from parent>
==2100== 
==2100== Open file descriptor 1: /dev/pts/0
==2100==    <inherited from parent>
==2100== 
==2100== Open file descriptor 0:
==2100==    <inherited from parent>
==2100== 
==2100== 
==2100== HEAP SUMMARY:
==2100==     in use at exit: 0 bytes in 0 blocks
==2100==   total heap usage: 14 allocs, 14 frees, 7,396 bytes allocated
==2100== 
==2100== All heap blocks were freed -- no leaks are possible
==2100== 
==2100== For lists of detected and suppressed errors, rerun with: -s
==2100== ERROR SUMMARY: 0 errors from 0 contexts (suppressed: 0 from 0)
